2022-02-04 15:16:05,749 INFO c.c.CovstatApplication [restartedMain] Starting CovstatApplication using Java 15.0.1 on DESKTOP-F0376HQ with PID 10912 (C:\Users\moham\IdeaProjects\covstat\target\classes started by moham in C:\Users\moham\IdeaProjects\covstat)
2022-02-04 15:16:05,756 DEBUG c.c.CovstatApplication [restartedMain] Running with Spring Boot v2.6.3, Spring v5.3.15
2022-02-04 15:16:05,756 INFO c.c.CovstatApplication [restartedMain] No active profile set, falling back to default profiles: default
2022-02-04 15:16:08,835 INFO c.c.CovstatApplication [restartedMain] Started CovstatApplication in 3.391 seconds (JVM running for 4.358)
2022-02-04 15:17:31,192 DEBUG c.c.s.CovDataService [scheduling-1] save called
2022-02-04 15:23:30,665 INFO c.c.CovstatApplication [restartedMain] Starting CovstatApplication using Java 15.0.1 on DESKTOP-F0376HQ with PID 6408 (C:\Users\moham\IdeaProjects\covstat\target\classes started by moham in C:\Users\moham\IdeaProjects\covstat)
2022-02-04 15:23:30,672 DEBUG c.c.CovstatApplication [restartedMain] Running with Spring Boot v2.6.3, Spring v5.3.15
2022-02-04 15:23:30,672 INFO c.c.CovstatApplication [restartedMain] No active profile set, falling back to default profiles: default
2022-02-04 15:23:33,835 INFO c.c.CovstatApplication [restartedMain] Started CovstatApplication in 3.507 seconds (JVM running for 4.456)
2022-02-04 15:24:30,018 DEBUG c.c.s.CovDataService [scheduling-1] save called
2022-02-04 15:25:30,298 DEBUG c.c.s.CovDataService [scheduling-1] save called
2022-02-04 15:30:01,238 INFO c.c.CovstatApplication [restartedMain] Starting CovstatApplication using Java 15.0.1 on DESKTOP-F0376HQ with PID 1100 (C:\Users\moham\IdeaProjects\covstat\target\classes started by moham in C:\Users\moham\IdeaProjects\covstat)
2022-02-04 15:30:01,246 DEBUG c.c.CovstatApplication [restartedMain] Running with Spring Boot v2.6.3, Spring v5.3.15
2022-02-04 15:30:01,246 INFO c.c.CovstatApplication [restartedMain] No active profile set, falling back to default profiles: default
2022-02-04 15:34:51,444 INFO c.c.CovstatApplication [restartedMain] Started CovstatApplication in 323.79 seconds (JVM running for 325.638)
2022-02-04 15:34:54,591 INFO c.c.CovstatApplication [restartedMain] Starting CovstatApplication using Java 15.0.1 on DESKTOP-F0376HQ with PID 16292 (C:\Users\moham\IdeaProjects\covstat\target\classes started by moham in C:\Users\moham\IdeaProjects\covstat)
2022-02-04 15:34:54,598 DEBUG c.c.CovstatApplication [restartedMain] Running with Spring Boot v2.6.3, Spring v5.3.15
2022-02-04 15:34:54,598 INFO c.c.CovstatApplication [restartedMain] No active profile set, falling back to default profiles: default
2022-02-04 15:34:58,001 INFO c.c.CovstatApplication [restartedMain] Started CovstatApplication in 3.717 seconds (JVM running for 4.813)
2022-02-04 15:36:57,268 DEBUG c.c.s.CovDataService [scheduling-1] save called
2022-02-04 16:00:10,631 INFO c.c.CovstatApplication [restartedMain] Starting CovstatApplication using Java 15.0.1 on DESKTOP-F0376HQ with PID 1816 (C:\Users\moham\IdeaProjects\covstat\target\classes started by moham in C:\Users\moham\IdeaProjects\covstat)
2022-02-04 16:00:10,638 DEBUG c.c.CovstatApplication [restartedMain] Running with Spring Boot v2.6.3, Spring v5.3.15
2022-02-04 16:00:10,639 INFO c.c.CovstatApplication [restartedMain] No active profile set, falling back to default profiles: default
2022-02-04 16:00:14,112 INFO c.c.CovstatApplication [restartedMain] Started CovstatApplication in 3.801 seconds (JVM running for 4.78)
2022-02-04 16:01:55,126 DEBUG c.c.s.CovDataService [scheduling-1] save called
2022-02-04 16:03:43,102 INFO c.c.CovstatApplication [restartedMain] Starting CovstatApplication using Java 15.0.1 on DESKTOP-F0376HQ with PID 8776 (C:\Users\moham\IdeaProjects\covstat\target\classes started by moham in C:\Users\moham\IdeaProjects\covstat)
2022-02-04 16:03:43,108 DEBUG c.c.CovstatApplication [restartedMain] Running with Spring Boot v2.6.3, Spring v5.3.15
2022-02-04 16:03:43,108 INFO c.c.CovstatApplication [restartedMain] No active profile set, falling back to default profiles: default
2022-02-04 16:03:46,389 INFO c.c.CovstatApplication [restartedMain] Started CovstatApplication in 3.612 seconds (JVM running for 4.556)
2022-02-04 16:06:19,021 INFO c.c.CovstatApplication [restartedMain] Starting CovstatApplication using Java 15.0.1 on DESKTOP-F0376HQ with PID 5504 (C:\Users\moham\IdeaProjects\covstat\target\classes started by moham in C:\Users\moham\IdeaProjects\covstat)
2022-02-04 16:06:19,027 DEBUG c.c.CovstatApplication [restartedMain] Running with Spring Boot v2.6.3, Spring v5.3.15
2022-02-04 16:06:19,027 INFO c.c.CovstatApplication [restartedMain] No active profile set, falling back to default profiles: default
2022-02-04 16:06:22,275 INFO c.c.CovstatApplication [restartedMain] Started CovstatApplication in 3.569 seconds (JVM running for 4.584)
2022-02-04 16:07:05,506 INFO c.c.CovstatApplication [restartedMain] Starting CovstatApplication using Java 15.0.1 on DESKTOP-F0376HQ with PID 5504 (C:\Users\moham\IdeaProjects\covstat\target\classes started by moham in C:\Users\moham\IdeaProjects\covstat)
2022-02-04 16:07:05,506 DEBUG c.c.CovstatApplication [restartedMain] Running with Spring Boot v2.6.3, Spring v5.3.15
2022-02-04 16:07:05,506 INFO c.c.CovstatApplication [restartedMain] No active profile set, falling back to default profiles: default
2022-02-04 16:07:06,450 INFO c.c.CovstatApplication [restartedMain] Started CovstatApplication in 1.004 seconds (JVM running for 48.76)
2022-02-04 16:10:02,329 INFO c.c.CovstatApplication [restartedMain] Starting CovstatApplication using Java 15.0.1 on DESKTOP-F0376HQ with PID 17960 (C:\Users\moham\IdeaProjects\covstat\target\classes started by moham in C:\Users\moham\IdeaProjects\covstat)
2022-02-04 16:10:02,336 DEBUG c.c.CovstatApplication [restartedMain] Running with Spring Boot v2.6.3, Spring v5.3.15
2022-02-04 16:10:02,336 INFO c.c.CovstatApplication [restartedMain] No active profile set, falling back to default profiles: default
2022-02-04 16:10:05,719 INFO c.c.CovstatApplication [restartedMain] Started CovstatApplication in 3.723 seconds (JVM running for 4.847)
2022-02-04 16:18:04,990 INFO c.c.CovstatApplication [restartedMain] Starting CovstatApplication using Java 15.0.1 on DESKTOP-F0376HQ with PID 17112 (C:\Users\moham\IdeaProjects\covstat\target\classes started by moham in C:\Users\moham\IdeaProjects\covstat)
2022-02-04 16:18:04,997 DEBUG c.c.CovstatApplication [restartedMain] Running with Spring Boot v2.6.3, Spring v5.3.15
2022-02-04 16:18:04,997 INFO c.c.CovstatApplication [restartedMain] No active profile set, falling back to default profiles: default
2022-02-04 16:18:08,249 INFO c.c.CovstatApplication [restartedMain] Started CovstatApplication in 3.572 seconds (JVM running for 4.564)
2022-02-04 16:27:22,670 INFO c.c.CovstatApplication [restartedMain] Starting CovstatApplication using Java 15.0.1 on DESKTOP-F0376HQ with PID 17112 (C:\Users\moham\IdeaProjects\covstat\target\classes started by moham in C:\Users\moham\IdeaProjects\covstat)
2022-02-04 16:27:22,670 DEBUG c.c.CovstatApplication [restartedMain] Running with Spring Boot v2.6.3, Spring v5.3.15
2022-02-04 16:27:22,670 INFO c.c.CovstatApplication [restartedMain] No active profile set, falling back to default profiles: default
2022-02-04 16:27:23,302 INFO c.c.CovstatApplication [restartedMain] Started CovstatApplication in 0.701 seconds (JVM running for 559.617)
2022-02-04 16:27:24,825 INFO c.c.CovstatApplication [restartedMain] Starting CovstatApplication using Java 15.0.1 on DESKTOP-F0376HQ with PID 17112 (C:\Users\moham\IdeaProjects\covstat\target\classes started by moham in C:\Users\moham\IdeaProjects\covstat)
2022-02-04 16:27:24,825 DEBUG c.c.CovstatApplication [restartedMain] Running with Spring Boot v2.6.3, Spring v5.3.15
2022-02-04 16:27:24,825 INFO c.c.CovstatApplication [restartedMain] No active profile set, falling back to default profiles: default
2022-02-04 16:27:25,777 INFO c.c.CovstatApplication [restartedMain] Started CovstatApplication in 0.999 seconds (JVM running for 562.092)
2022-02-04 16:28:03,958 INFO c.c.CovstatApplication [restartedMain] Starting CovstatApplication using Java 15.0.1 on DESKTOP-F0376HQ with PID 17112 (C:\Users\moham\IdeaProjects\covstat\target\classes started by moham in C:\Users\moham\IdeaProjects\covstat)
2022-02-04 16:28:03,959 DEBUG c.c.CovstatApplication [restartedMain] Running with Spring Boot v2.6.3, Spring v5.3.15
2022-02-04 16:28:03,959 INFO c.c.CovstatApplication [restartedMain] No active profile set, falling back to default profiles: default
2022-02-04 16:28:04,530 INFO c.c.CovstatApplication [restartedMain] Started CovstatApplication in 0.625 seconds (JVM running for 600.844)
2022-02-04 16:28:06,485 INFO c.c.CovstatApplication [restartedMain] Starting CovstatApplication using Java 15.0.1 on DESKTOP-F0376HQ with PID 17112 (C:\Users\moham\IdeaProjects\covstat\target\classes started by moham in C:\Users\moham\IdeaProjects\covstat)
2022-02-04 16:28:06,486 DEBUG c.c.CovstatApplication [restartedMain] Running with Spring Boot v2.6.3, Spring v5.3.15
2022-02-04 16:28:06,486 INFO c.c.CovstatApplication [restartedMain] No active profile set, falling back to default profiles: default
2022-02-04 16:28:07,401 INFO c.c.CovstatApplication [restartedMain] Started CovstatApplication in 0.973 seconds (JVM running for 603.716)
2022-02-04 16:28:09,125 INFO c.c.CovstatApplicationTests [main] Starting CovstatApplicationTests using Java 15.0.1 on DESKTOP-F0376HQ with PID 1384 (started by moham in C:\Users\moham\IdeaProjects\covstat)
2022-02-04 16:28:09,136 DEBUG c.c.CovstatApplicationTests [main] Running with Spring Boot v2.6.3, Spring v5.3.15
2022-02-04 16:28:09,136 INFO c.c.CovstatApplicationTests [main] No active profile set, falling back to default profiles: default
2022-02-04 16:28:14,829 INFO c.c.CovstatApplicationTests [main] Started CovstatApplicationTests in 6.045 seconds (JVM running for 7.502)
2022-02-04 16:29:01,479 INFO c.c.CovstatApplication [restartedMain] Starting CovstatApplication using Java 15.0.1 on DESKTOP-F0376HQ with PID 17112 (C:\Users\moham\IdeaProjects\covstat\target\classes started by moham in C:\Users\moham\IdeaProjects\covstat)
2022-02-04 16:29:01,480 DEBUG c.c.CovstatApplication [restartedMain] Running with Spring Boot v2.6.3, Spring v5.3.15
2022-02-04 16:29:01,480 INFO c.c.CovstatApplication [restartedMain] No active profile set, falling back to default profiles: default
2022-02-04 16:29:01,966 INFO c.c.CovstatApplication [restartedMain] Started CovstatApplication in 0.533 seconds (JVM running for 658.281)
2022-02-04 16:29:03,483 INFO c.c.CovstatApplication [restartedMain] Starting CovstatApplication using Java 15.0.1 on DESKTOP-F0376HQ with PID 17112 (C:\Users\moham\IdeaProjects\covstat\target\classes started by moham in C:\Users\moham\IdeaProjects\covstat)
2022-02-04 16:29:03,484 DEBUG c.c.CovstatApplication [restartedMain] Running with Spring Boot v2.6.3, Spring v5.3.15
2022-02-04 16:29:03,484 INFO c.c.CovstatApplication [restartedMain] No active profile set, falling back to default profiles: default
2022-02-04 16:29:04,392 INFO c.c.CovstatApplication [restartedMain] Started CovstatApplication in 0.952 seconds (JVM running for 660.707)
2022-02-04 16:30:20,782 INFO c.c.CovstatApplication [restartedMain] Starting CovstatApplication using Java 15.0.1 on DESKTOP-F0376HQ with PID 17112 (C:\Users\moham\IdeaProjects\covstat\target\classes started by moham in C:\Users\moham\IdeaProjects\covstat)
2022-02-04 16:30:20,783 DEBUG c.c.CovstatApplication [restartedMain] Running with Spring Boot v2.6.3, Spring v5.3.15
2022-02-04 16:30:20,783 INFO c.c.CovstatApplication [restartedMain] No active profile set, falling back to default profiles: default
2022-02-04 16:30:21,295 INFO c.c.CovstatApplication [restartedMain] Started CovstatApplication in 0.572 seconds (JVM running for 737.611)
2022-02-04 16:30:23,873 INFO c.c.CovstatApplication [restartedMain] Starting CovstatApplication using Java 15.0.1 on DESKTOP-F0376HQ with PID 17112 (C:\Users\moham\IdeaProjects\covstat\target\classes started by moham in C:\Users\moham\IdeaProjects\covstat)
2022-02-04 16:30:23,874 DEBUG c.c.CovstatApplication [restartedMain] Running with Spring Boot v2.6.3, Spring v5.3.15
2022-02-04 16:30:23,874 INFO c.c.CovstatApplication [restartedMain] No active profile set, falling back to default profiles: default
2022-02-04 16:30:24,796 INFO c.c.CovstatApplication [restartedMain] Started CovstatApplication in 0.973 seconds (JVM running for 741.111)
2022-02-04 16:33:20,189 INFO c.c.CovstatApplication [restartedMain] Starting CovstatApplication using Java 15.0.1 on DESKTOP-F0376HQ with PID 17112 (C:\Users\moham\IdeaProjects\covstat\target\classes started by moham in C:\Users\moham\IdeaProjects\covstat)
2022-02-04 16:33:20,190 DEBUG c.c.CovstatApplication [restartedMain] Running with Spring Boot v2.6.3, Spring v5.3.15
2022-02-04 16:33:20,190 INFO c.c.CovstatApplication [restartedMain] No active profile set, falling back to default profiles: default
2022-02-04 16:33:20,589 INFO c.c.CovstatApplication [restartedMain] Started CovstatApplication in 0.447 seconds (JVM running for 916.904)
2022-02-04 16:33:22,128 INFO c.c.CovstatApplication [restartedMain] Starting CovstatApplication using Java 15.0.1 on DESKTOP-F0376HQ with PID 17112 (C:\Users\moham\IdeaProjects\covstat\target\classes started by moham in C:\Users\moham\IdeaProjects\covstat)
2022-02-04 16:33:22,129 DEBUG c.c.CovstatApplication [restartedMain] Running with Spring Boot v2.6.3, Spring v5.3.15
2022-02-04 16:33:22,129 INFO c.c.CovstatApplication [restartedMain] No active profile set, falling back to default profiles: default
2022-02-04 16:33:22,623 INFO c.c.CovstatApplication [restartedMain] Started CovstatApplication in 0.551 seconds (JVM running for 918.938)
2022-02-04 16:33:24,165 INFO c.c.CovstatApplication [restartedMain] Starting CovstatApplication using Java 15.0.1 on DESKTOP-F0376HQ with PID 17112 (C:\Users\moham\IdeaProjects\covstat\target\classes started by moham in C:\Users\moham\IdeaProjects\covstat)
2022-02-04 16:33:24,166 DEBUG c.c.CovstatApplication [restartedMain] Running with Spring Boot v2.6.3, Spring v5.3.15
2022-02-04 16:33:24,166 INFO c.c.CovstatApplication [restartedMain] No active profile set, falling back to default profiles: default
2022-02-04 16:33:25,091 INFO c.c.CovstatApplication [restartedMain] Started CovstatApplication in 0.976 seconds (JVM running for 921.406)
2022-02-04 16:33:27,476 INFO c.c.CovstatApplicationTests [main] Starting CovstatApplicationTests using Java 15.0.1 on DESKTOP-F0376HQ with PID 8852 (started by moham in C:\Users\moham\IdeaProjects\covstat)
2022-02-04 16:33:27,488 DEBUG c.c.CovstatApplicationTests [main] Running with Spring Boot v2.6.3, Spring v5.3.15
2022-02-04 16:33:27,489 INFO c.c.CovstatApplicationTests [main] No active profile set, falling back to default profiles: default
2022-02-04 16:33:34,980 INFO c.c.CovstatApplicationTests [main] Started CovstatApplicationTests in 7.952 seconds (JVM running for 10.569)
2022-02-04 16:33:59,605 INFO c.c.CovstatApplicationTests [main] Starting CovstatApplicationTests using Java 15.0.1 on DESKTOP-F0376HQ with PID 13732 (started by moham in C:\Users\moham\IdeaProjects\covstat)
2022-02-04 16:33:59,620 DEBUG c.c.CovstatApplicationTests [main] Running with Spring Boot v2.6.3, Spring v5.3.15
2022-02-04 16:33:59,620 INFO c.c.CovstatApplicationTests [main] No active profile set, falling back to default profiles: default
2022-02-04 16:34:07,244 INFO c.c.CovstatApplicationTests [main] Started CovstatApplicationTests in 8.129 seconds (JVM running for 10.609)
2022-02-04 16:39:31,487 INFO c.c.CovstatApplication [restartedMain] Starting CovstatApplication using Java 15.0.1 on DESKTOP-F0376HQ with PID 17112 (C:\Users\moham\IdeaProjects\covstat\target\classes started by moham in C:\Users\moham\IdeaProjects\covstat)
2022-02-04 16:39:31,487 DEBUG c.c.CovstatApplication [restartedMain] Running with Spring Boot v2.6.3, Spring v5.3.15
2022-02-04 16:39:31,488 INFO c.c.CovstatApplication [restartedMain] No active profile set, falling back to default profiles: default
2022-02-04 16:39:31,960 INFO c.c.CovstatApplication [restartedMain] Started CovstatApplication in 0.524 seconds (JVM running for 1288.275)
2022-02-04 16:39:33,482 INFO c.c.CovstatApplication [restartedMain] Starting CovstatApplication using Java 15.0.1 on DESKTOP-F0376HQ with PID 17112 (C:\Users\moham\IdeaProjects\covstat\target\classes started by moham in C:\Users\moham\IdeaProjects\covstat)
2022-02-04 16:39:33,483 DEBUG c.c.CovstatApplication [restartedMain] Running with Spring Boot v2.6.3, Spring v5.3.15
2022-02-04 16:39:33,483 INFO c.c.CovstatApplication [restartedMain] No active profile set, falling back to default profiles: default
2022-02-04 16:39:34,362 INFO c.c.CovstatApplication [restartedMain] Started CovstatApplication in 0.923 seconds (JVM running for 1290.677)
2022-02-04 16:39:37,459 INFO c.c.CovstatApplicationTests [main] Starting CovstatApplicationTests using Java 15.0.1 on DESKTOP-F0376HQ with PID 11464 (started by moham in C:\Users\moham\IdeaProjects\covstat)
2022-02-04 16:39:37,472 DEBUG c.c.CovstatApplicationTests [main] Running with Spring Boot v2.6.3, Spring v5.3.15
2022-02-04 16:39:37,473 INFO c.c.CovstatApplicationTests [main] No active profile set, falling back to default profiles: default
2022-02-04 16:39:44,789 INFO c.c.CovstatApplicationTests [main] Started CovstatApplicationTests in 7.78 seconds (JVM running for 10.393)
2022-02-04 16:40:00,209 INFO c.c.CovstatApplicationTests [main] Starting CovstatApplicationTests using Java 15.0.1 on DESKTOP-F0376HQ with PID 12860 (started by moham in C:\Users\moham\IdeaProjects\covstat)
2022-02-04 16:40:00,227 DEBUG c.c.CovstatApplicationTests [main] Running with Spring Boot v2.6.3, Spring v5.3.15
2022-02-04 16:40:00,228 INFO c.c.CovstatApplicationTests [main] No active profile set, falling back to default profiles: default
2022-02-04 16:40:07,415 INFO c.c.CovstatApplicationTests [main] Started CovstatApplicationTests in 7.713 seconds (JVM running for 10.364)
2022-02-04 16:48:57,298 INFO c.c.CovstatApplication [restartedMain] Starting CovstatApplication using Java 15.0.1 on DESKTOP-F0376HQ with PID 17112 (C:\Users\moham\IdeaProjects\covstat\target\classes started by moham in C:\Users\moham\IdeaProjects\covstat)
2022-02-04 16:48:57,298 DEBUG c.c.CovstatApplication [restartedMain] Running with Spring Boot v2.6.3, Spring v5.3.15
2022-02-04 16:48:57,298 INFO c.c.CovstatApplication [restartedMain] No active profile set, falling back to default profiles: default
2022-02-04 16:48:57,711 INFO c.c.CovstatApplication [restartedMain] Started CovstatApplication in 0.469 seconds (JVM running for 1854.026)
2022-02-04 16:48:59,250 INFO c.c.CovstatApplication [restartedMain] Starting CovstatApplication using Java 15.0.1 on DESKTOP-F0376HQ with PID 17112 (C:\Users\moham\IdeaProjects\covstat\target\classes started by moham in C:\Users\moham\IdeaProjects\covstat)
2022-02-04 16:48:59,250 DEBUG c.c.CovstatApplication [restartedMain] Running with Spring Boot v2.6.3, Spring v5.3.15
2022-02-04 16:48:59,250 INFO c.c.CovstatApplication [restartedMain] No active profile set, falling back to default profiles: default
2022-02-04 16:49:00,203 INFO c.c.CovstatApplication [restartedMain] Started CovstatApplication in 0.997 seconds (JVM running for 1856.518)
2022-02-04 16:49:03,079 INFO c.c.CovstatApplicationTests [main] Starting CovstatApplicationTests using Java 15.0.1 on DESKTOP-F0376HQ with PID 15288 (started by moham in C:\Users\moham\IdeaProjects\covstat)
2022-02-04 16:49:03,094 DEBUG c.c.CovstatApplicationTests [main] Running with Spring Boot v2.6.3, Spring v5.3.15
2022-02-04 16:49:03,094 INFO c.c.CovstatApplicationTests [main] No active profile set, falling back to default profiles: default
2022-02-04 16:49:10,476 INFO c.c.CovstatApplicationTests [main] Started CovstatApplicationTests in 7.837 seconds (JVM running for 10.426)
2022-02-04 16:58:42,991 INFO c.c.CovstatApplicationTests [main] Starting CovstatApplicationTests using Java 11.0.9 on DESKTOP-F0376HQ with PID 13068 (started by moham in C:\Users\moham\IdeaProjects\covstat)
2022-02-04 16:58:43,006 DEBUG c.c.CovstatApplicationTests [main] Running with Spring Boot v2.6.3, Spring v5.3.15
2022-02-04 16:58:43,006 INFO c.c.CovstatApplicationTests [main] No active profile set, falling back to default profiles: default
2022-02-04 16:58:56,016 INFO c.c.CovstatApplicationTests [main] Started CovstatApplicationTests in 13.722 seconds (JVM running for 17.865)
2022-02-04 16:59:32,564 INFO c.c.CovstatApplicationTests [main] Starting CovstatApplicationTests using Java 11.0.9 on DESKTOP-F0376HQ with PID 8708 (started by moham in C:\Users\moham\IdeaProjects\covstat)
2022-02-04 16:59:32,580 DEBUG c.c.CovstatApplicationTests [main] Running with Spring Boot v2.6.3, Spring v5.3.15
2022-02-04 16:59:32,580 INFO c.c.CovstatApplicationTests [main] No active profile set, falling back to default profiles: default
2022-02-04 16:59:41,741 INFO c.c.CovstatApplicationTests [main] Started CovstatApplicationTests in 9.754 seconds (JVM running for 14.148)
